***************************************
Procesar excel para la actualizacion de Stock
18/01/2024 08:49
EDITADOS
Batches Creados: 0
Batches Editados: 121
121 actualizados con exito
[13531, 13531, 13531, 13531, 25109, 12995, 12995, 13189, 13154, 14108, 14108, 11652, 23021, 23020, 23022, 23024, 23024, 23028, 23025, 23023, 23023, 23026, 23027, 25513, 13307, 25873, 25872, 14444, 14953, 13654, 14801, 11948, 13733, 14800, 11271, 13309, 12267, 23102, 23103, 23104, 23105, 23106, 23107, 23097, 23098, 23099, 23100, 23101, 23096, 25879, 25880, 25881, 25882, 25088, 21869, 10914, 10914, 21866, 21867, 20433, 20433, 20433, 20433, 20433, 20433, 20433, 20433, 12189, 12189, 12189, 12189, 12189, 19203, 15087, 17458, 17200, 13856, 18529, 18528, 12957, 21029, 11356, 16005, 7796, 15658, 9690, 4298, 16558, 14742, 20585, 24724, 22194, 11597, 15249, 15718, 12316, 11494, 11494, 15721, 7416, 16050, 10831, 20108, 18771, 12475, 21024, 12054, 14064, 14347, 11202, 15714, 15714, 16003, 18283, 17245, 20112, 20113, 20114, 14722, 12244, 13834]
PARA INFORMAR
1 no encontrados en la base de datos
***************************************
Procesar excel para la actualizacion de Stock
20/01/2024 19:04
EDITADOS
Batches Creados: 0
Batches Editados: 23
23 actualizados con exito
[12844, 15247, 15248, 16068, 22986, 10882, 13549, 11723, 13125, 12809, 15011, 14399, 4281, 14845, 15071, 22089, 18739, 21588, 21590, 13554, 12204, 12754, 13198]
PARA INFORMAR
0 no encontrados en la base de datos
